<html>
<head>
<title>TestNG:  XYZ Bank Test</title>
<link href="../testng.css" rel="stylesheet" type="text/css" />
<link href="../my-testng.css" rel="stylesheet" type="text/css" />

<style type="text/css">
.log { display: none;} 
.stack-trace { display: none;} 
</style>
<script type="text/javascript">
<!--
function flip(e) {
  current = e.style.display;
  if (current == 'block') {
    e.style.display = 'none';
    return 0;
  }
  else {
    e.style.display = 'block';
    return 1;
  }
}

function toggleBox(szDivId, elem, msg1, msg2)
{
  var res = -1;  if (document.getElementById) {
    res = flip(document.getElementById(szDivId));
  }
  else if (document.all) {
    // this is the way old msie versions work
    res = flip(document.all[szDivId]);
  }
  if(elem) {
    if(res == 0) elem.innerHTML = msg1; else elem.innerHTML = msg2;
  }

}

function toggleAllBoxes() {
  if (document.getElementsByTagName) {
    d = document.getElementsByTagName('div');
    for (i = 0; i < d.length; i++) {
      if (d[i].className == 'log') {
        flip(d[i]);
      }
    }
  }
}

// -->
</script>

</head>
<body>
<h2 align='center'>XYZ Bank Test</h2><table border='1' align="center">
<tr>
<td>Tests passed/Failed/Skipped:</td><td>27/4/0</td>
</tr><tr>
<td>Started on:</td><td>Fri Mar 08 21:57:49 IST 2024</td>
</tr>
<tr><td>Total time:</td><td>616 seconds (616379 ms)</td>
</tr><tr>
<td>Included groups:</td><td></td>
</tr><tr>
<td>Excluded groups:</td><td></td>
</tr>
</table><p/>
<small><i>(Hover the method name to see the test class name)</i></small><p/>
<table width='100%' border='1' class='invocation-failed'>
<tr><td colspan='4' align='center'><b>FAILED TESTS</b></td></tr>
<tr><td><b>Test method</b></td>
<td width="30%"><b>Exception</b></td>
<td width="10%"><b>Time (seconds)</b></td>
<td><b>Instance</b></td>
</tr>
<tr>
<td title='com.xyz.qa.testcases.AddCustomerInvalidTest.addCustNumbersTest()'><b>addCustNumbersTest</b><br>Test class: com.xyz.qa.testcases.AddCustomerInvalidTest</td>
<td><div><pre>java.lang.AssertionError: expected [false] but found [true]
	at com.xyz.qa.testcases.AddCustomerInvalidTest.addCustNumbersTest(AddCustomerInvalidTest.java:49)
... Removed 29 stack frames</pre></div><a href='#' onClick='toggleBox("stack-trace1865505544", this, "Click to show all stack frames", "Click to hide stack frames")'>Click to show all stack frames</a>
<div class='stack-trace' id='stack-trace1865505544'><pre>java.lang.AssertionError: expected [false] but found [true]
	at org.testng.Assert.fail(Assert.java:93)
	at org.testng.Assert.failNotEquals(Assert.java:512)
	at org.testng.Assert.assertFalse(Assert.java:62)
	at org.testng.Assert.assertFalse(Assert.java:72)
	at com.xyz.qa.testcases.AddCustomerInvalidTest.addCustNumbersTest(AddCustomerInvalidTest.java:49)
	at java.base/jdk.internal.reflect.NativeMethodAccessorImpl.invoke0(Native Method)
	at java.base/jdk.internal.reflect.NativeMethodAccessorImpl.invoke(NativeMethodAccessorImpl.java:77)
	at java.base/jdk.internal.reflect.DelegatingMethodAccessorImpl.invoke(DelegatingMethodAccessorImpl.java:43)
	at java.base/java.lang.reflect.Method.invoke(Method.java:568)
	at org.testng.internal.MethodInvocationHelper.invokeMethod(MethodInvocationHelper.java:108)
	at org.testng.internal.Invoker.invokeMethod(Invoker.java:661)
	at org.testng.internal.Invoker.invokeTestMethod(Invoker.java:869)
	at org.testng.internal.Invoker.invokeTestMethods(Invoker.java:1193)
	at org.testng.internal.TestMethodWorker.invokeTestMethods(TestMethodWorker.java:126)
	at org.testng.internal.TestMethodWorker.run(TestMethodWorker.java:109)
	at org.testng.TestRunner.privateRun(TestRunner.java:744)
	at org.testng.TestRunner.run(TestRunner.java:602)
	at org.testng.SuiteRunner.runTest(SuiteRunner.java:380)
	at org.testng.SuiteRunner.runSequentially(SuiteRunner.java:375)
	at org.testng.SuiteRunner.privateRun(SuiteRunner.java:340)
	at org.testng.SuiteRunner.run(SuiteRunner.java:289)
	at org.testng.SuiteRunnerWorker.runSuite(SuiteRunnerWorker.java:52)
	at org.testng.SuiteRunnerWorker.run(SuiteRunnerWorker.java:86)
	at org.testng.TestNG.runSuitesSequentially(TestNG.java:1301)
	at org.testng.TestNG.runSuitesLocally(TestNG.java:1226)
	at org.testng.TestNG.runSuites(TestNG.java:1144)
	at org.testng.TestNG.run(TestNG.java:1115)
	at org.testng.remote.AbstractRemoteTestNG.run(AbstractRemoteTestNG.java:115)
	at org.testng.remote.RemoteTestNG.initAndRun(RemoteTestNG.java:251)
	at org.testng.remote.RemoteTestNG.main(RemoteTestNG.java:77)
</pre></div></td>
<td>0</td>
<td>com.xyz.qa.testcases.AddCustomerInvalidTest@5f683daf</td></tr>
<tr>
<td title='com.xyz.qa.testcases.AddCustomerInvalidTest.addCustValidationTest()'><b>addCustValidationTest</b><br>Test class: com.xyz.qa.testcases.AddCustomerInvalidTest</td>
<td><div><pre>java.lang.AssertionError: expected [false] but found [true]
	at com.xyz.qa.testcases.AddCustomerInvalidTest.addCustValidationTest(AddCustomerInvalidTest.java:43)
... Removed 29 stack frames</pre></div><a href='#' onClick='toggleBox("stack-trace50058128", this, "Click to show all stack frames", "Click to hide stack frames")'>Click to show all stack frames</a>
<div class='stack-trace' id='stack-trace50058128'><pre>java.lang.AssertionError: expected [false] but found [true]
	at org.testng.Assert.fail(Assert.java:93)
	at org.testng.Assert.failNotEquals(Assert.java:512)
	at org.testng.Assert.assertFalse(Assert.java:62)
	at org.testng.Assert.assertFalse(Assert.java:72)
	at com.xyz.qa.testcases.AddCustomerInvalidTest.addCustValidationTest(AddCustomerInvalidTest.java:43)
	at java.base/jdk.internal.reflect.NativeMethodAccessorImpl.invoke0(Native Method)
	at java.base/jdk.internal.reflect.NativeMethodAccessorImpl.invoke(NativeMethodAccessorImpl.java:77)
	at java.base/jdk.internal.reflect.DelegatingMethodAccessorImpl.invoke(DelegatingMethodAccessorImpl.java:43)
	at java.base/java.lang.reflect.Method.invoke(Method.java:568)
	at org.testng.internal.MethodInvocationHelper.invokeMethod(MethodInvocationHelper.java:108)
	at org.testng.internal.Invoker.invokeMethod(Invoker.java:661)
	at org.testng.internal.Invoker.invokeTestMethod(Invoker.java:869)
	at org.testng.internal.Invoker.invokeTestMethods(Invoker.java:1193)
	at org.testng.internal.TestMethodWorker.invokeTestMethods(TestMethodWorker.java:126)
	at org.testng.internal.TestMethodWorker.run(TestMethodWorker.java:109)
	at org.testng.TestRunner.privateRun(TestRunner.java:744)
	at org.testng.TestRunner.run(TestRunner.java:602)
	at org.testng.SuiteRunner.runTest(SuiteRunner.java:380)
	at org.testng.SuiteRunner.runSequentially(SuiteRunner.java:375)
	at org.testng.SuiteRunner.privateRun(SuiteRunner.java:340)
	at org.testng.SuiteRunner.run(SuiteRunner.java:289)
	at org.testng.SuiteRunnerWorker.runSuite(SuiteRunnerWorker.java:52)
	at org.testng.SuiteRunnerWorker.run(SuiteRunnerWorker.java:86)
	at org.testng.TestNG.runSuitesSequentially(TestNG.java:1301)
	at org.testng.TestNG.runSuitesLocally(TestNG.java:1226)
	at org.testng.TestNG.runSuites(TestNG.java:1144)
	at org.testng.TestNG.run(TestNG.java:1115)
	at org.testng.remote.AbstractRemoteTestNG.run(AbstractRemoteTestNG.java:115)
	at org.testng.remote.RemoteTestNG.initAndRun(RemoteTestNG.java:251)
	at org.testng.remote.RemoteTestNG.main(RemoteTestNG.java:77)
</pre></div></td>
<td>0</td>
<td>com.xyz.qa.testcases.AddCustomerInvalidTest@5f683daf</td></tr>
<tr>
<td title='com.xyz.qa.testcases.DepositInvalidTest.depositNegativeTest()'><b>depositNegativeTest</b><br>Test class: com.xyz.qa.testcases.DepositInvalidTest</td>
<td><div><pre>org.openqa.selenium.NoSuchElementException: no such element: Unable to locate element: {&quot;method&quot;:&quot;xpath&quot;,&quot;selector&quot;:&quot;//span[@class=&apos;error ng-binding&apos;]&quot;}
  (Session info: chrome=122.0.6261.112)
For documentation on this error, please visit: http://seleniumhq.org/exceptions/no_such_element.html
Build info: version: &apos;3.14.0&apos;, revision: &apos;aacccce0&apos;, time: &apos;2018-08-02T20:19:58.91Z&apos;
System info: host: &apos;LAPTOP-BEHQ30E2&apos;, ip: &apos;192.168.29.206&apos;, os.name: &apos;Windows 11&apos;, os.arch: &apos;amd64&apos;, os.version: &apos;10.0&apos;, java.version: &apos;17.0.9&apos;
Driver info: org.openqa.selenium.chrome.ChromeDriver
Capabilities {acceptInsecureCerts: false, browserName: chrome, browserVersion: 122.0.6261.112, chrome: {chromedriverVersion: 122.0.6261.57 (87957e464700..., userDataDir: C:\Users\hp\AppData\Local\T...}, fedcm:accounts: true, goog:chromeOptions: {debuggerAddress: localhost:56257}, javascriptEnabled: true, networkConnectionEnabled: false, pageLoadStrategy: normal, platform: WINDOWS, platformName: WINDOWS, proxy: Proxy(), setWindowRect: true, strictFileInteractability: false, timeouts: {implicit: 0, pageLoad: 300000, script: 30000}, unhandledPromptBehavior: dismiss and notify, webauthn:extension:credBlob: true, webauthn:extension:largeBlob: true, webauthn:extension:minPinLength: true, webauthn:extension:prf: true, webauthn:virtualAuthenticators: true}
Session ID: c2083fc1011e0907bcf250bcc6281238
*** Element info: {Using=xpath, value=//span[@class=&apos;error ng-binding&apos;]}
	at org.openqa.selenium.remote.http.W3CHttpResponseCodec.createException(W3CHttpResponseCodec.java:187)
	at org.openqa.selenium.remote.http.W3CHttpResponseCodec.decode(W3CHttpResponseCodec.java:122)
	at org.openqa.selenium.remote.http.W3CHttpResponseCodec.decode(W3CHttpResponseCodec.java:49)
	at org.openqa.selenium.remote.HttpCommandExecutor.execute(HttpCommandExecutor.java:158)
	at org.openqa.selenium.remote.service.DriverCommandExecutor.execute(DriverCommandExecutor.java:83)
	at org.openqa.selenium.remote.RemoteWebDriver.execute(RemoteWebDriver.java:548)
	at org.openqa.selenium.remote.RemoteWebDriver.findElement(RemoteWebDriver.java:322)
	at org.openqa.selenium.remote.RemoteWebDriver.findElementByXPath(RemoteWebDriver.java:424)
	at org.openqa.selenium.By$ByXPath.findElement(By.java:353)
	at org.openqa.selenium.remote.RemoteWebDriver.findElement(RemoteWebDriver.java:314)
	at org.openqa.selenium.support.events.EventFiringWebDriver.lambda$new$1(EventFiringWebDriver.java:105)
	at jdk.proxy2/jdk.proxy2.$Proxy10.findElement(Unknown Source)
	at org.openqa.selenium.support.events.EventFiringWebDriver.findElement(EventFiringWebDriver.java:194)
	at org.openqa.selenium.support.pagefactory.DefaultElementLocator.findElement(DefaultElementLocator.java:69)
	at org.openqa.selenium.support.pagefactory.internal.LocatingElementHandler.invoke(LocatingElementHandler.java:38)
	at jdk.proxy2/jdk.proxy2.$Proxy14.getText(Unknown Source)
	at com.xyz.qa.pages.DepositPage.depositamountNegative(DepositPage.java:102)
	at com.xyz.qa.testcases.DepositInvalidTest.depositNegativeTest(DepositInvalidTest.java:35)
... Removed 33 stack frames</pre></div><a href='#' onClick='toggleBox("stack-trace1494794848", this, "Click to show all stack frames", "Click to hide stack frames")'>Click to show all stack frames</a>
<div class='stack-trace' id='stack-trace1494794848'><pre>org.openqa.selenium.NoSuchElementException: no such element: Unable to locate element: {&quot;method&quot;:&quot;xpath&quot;,&quot;selector&quot;:&quot;//span[@class=&apos;error ng-binding&apos;]&quot;}
  (Session info: chrome=122.0.6261.112)
For documentation on this error, please visit: http://seleniumhq.org/exceptions/no_such_element.html
Build info: version: &apos;3.14.0&apos;, revision: &apos;aacccce0&apos;, time: &apos;2018-08-02T20:19:58.91Z&apos;
System info: host: &apos;LAPTOP-BEHQ30E2&apos;, ip: &apos;192.168.29.206&apos;, os.name: &apos;Windows 11&apos;, os.arch: &apos;amd64&apos;, os.version: &apos;10.0&apos;, java.version: &apos;17.0.9&apos;
Driver info: org.openqa.selenium.chrome.ChromeDriver
Capabilities {acceptInsecureCerts: false, browserName: chrome, browserVersion: 122.0.6261.112, chrome: {chromedriverVersion: 122.0.6261.57 (87957e464700..., userDataDir: C:\Users\hp\AppData\Local\T...}, fedcm:accounts: true, goog:chromeOptions: {debuggerAddress: localhost:56257}, javascriptEnabled: true, networkConnectionEnabled: false, pageLoadStrategy: normal, platform: WINDOWS, platformName: WINDOWS, proxy: Proxy(), setWindowRect: true, strictFileInteractability: false, timeouts: {implicit: 0, pageLoad: 300000, script: 30000}, unhandledPromptBehavior: dismiss and notify, webauthn:extension:credBlob: true, webauthn:extension:largeBlob: true, webauthn:extension:minPinLength: true, webauthn:extension:prf: true, webauthn:virtualAuthenticators: true}
Session ID: c2083fc1011e0907bcf250bcc6281238
*** Element info: {Using=xpath, value=//span[@class=&apos;error ng-binding&apos;]}
	at java.base/jdk.internal.reflect.NativeConstructorAccessorImpl.newInstance0(Native Method)
	at java.base/jdk.internal.reflect.NativeConstructorAccessorImpl.newInstance(NativeConstructorAccessorImpl.java:77)
	at java.base/jdk.internal.reflect.DelegatingConstructorAccessorImpl.newInstance(DelegatingConstructorAccessorImpl.java:45)
	at java.base/java.lang.reflect.Constructor.newInstanceWithCaller(Constructor.java:499)
	at java.base/java.lang.reflect.Constructor.newInstance(Constructor.java:480)
	at org.openqa.selenium.remote.http.W3CHttpResponseCodec.createException(W3CHttpResponseCodec.java:187)
	at org.openqa.selenium.remote.http.W3CHttpResponseCodec.decode(W3CHttpResponseCodec.java:122)
	at org.openqa.selenium.remote.http.W3CHttpResponseCodec.decode(W3CHttpResponseCodec.java:49)
	at org.openqa.selenium.remote.HttpCommandExecutor.execute(HttpCommandExecutor.java:158)
	at org.openqa.selenium.remote.service.DriverCommandExecutor.execute(DriverCommandExecutor.java:83)
	at org.openqa.selenium.remote.RemoteWebDriver.execute(RemoteWebDriver.java:548)
	at org.openqa.selenium.remote.RemoteWebDriver.findElement(RemoteWebDriver.java:322)
	at org.openqa.selenium.remote.RemoteWebDriver.findElementByXPath(RemoteWebDriver.java:424)
	at org.openqa.selenium.By$ByXPath.findElement(By.java:353)
	at org.openqa.selenium.remote.RemoteWebDriver.findElement(RemoteWebDriver.java:314)
	at jdk.internal.reflect.GeneratedMethodAccessor5.invoke(Unknown Source)
	at java.base/jdk.internal.reflect.DelegatingMethodAccessorImpl.invoke(DelegatingMethodAccessorImpl.java:43)
	at java.base/java.lang.reflect.Method.invoke(Method.java:568)
	at org.openqa.selenium.support.events.EventFiringWebDriver.lambda$new$1(EventFiringWebDriver.java:105)
	at jdk.proxy2/jdk.proxy2.$Proxy10.findElement(Unknown Source)
	at org.openqa.selenium.support.events.EventFiringWebDriver.findElement(EventFiringWebDriver.java:194)
	at org.openqa.selenium.support.pagefactory.DefaultElementLocator.findElement(DefaultElementLocator.java:69)
	at org.openqa.selenium.support.pagefactory.internal.LocatingElementHandler.invoke(LocatingElementHandler.java:38)
	at jdk.proxy2/jdk.proxy2.$Proxy14.getText(Unknown Source)
	at com.xyz.qa.pages.DepositPage.depositamountNegative(DepositPage.java:102)
	at com.xyz.qa.testcases.DepositInvalidTest.depositNegativeTest(DepositInvalidTest.java:35)
	at java.base/jdk.internal.reflect.NativeMethodAccessorImpl.invoke0(Native Method)
	at java.base/jdk.internal.reflect.NativeMethodAccessorImpl.invoke(NativeMethodAccessorImpl.java:77)
	at java.base/jdk.internal.reflect.DelegatingMethodAccessorImpl.invoke(DelegatingMethodAccessorImpl.java:43)
	at java.base/java.lang.reflect.Method.invoke(Method.java:568)
	at org.testng.internal.MethodInvocationHelper.invokeMethod(MethodInvocationHelper.java:108)
	at org.testng.internal.Invoker.invokeMethod(Invoker.java:661)
	at org.testng.internal.Invoker.invokeTestMethod(Invoker.java:869)
	at org.testng.internal.Invoker.invokeTestMethods(Invoker.java:1193)
	at org.testng.internal.TestMethodWorker.invokeTestMethods(TestMethodWorker.java:126)
	at org.testng.internal.TestMethodWorker.run(TestMethodWorker.java:109)
	at org.testng.TestRunner.privateRun(TestRunner.java:744)
	at org.testng.TestRunner.run(TestRunner.java:602)
	at org.testng.SuiteRunner.runTest(SuiteRunner.java:380)
	at org.testng.SuiteRunner.runSequentially(SuiteRunner.java:375)
	at org.testng.SuiteRunner.privateRun(SuiteRunner.java:340)
	at org.testng.SuiteRunner.run(SuiteRunner.java:289)
	at org.testng.SuiteRunnerWorker.runSuite(SuiteRunnerWorker.java:52)
	at org.testng.SuiteRunnerWorker.run(SuiteRunnerWorker.java:86)
	at org.testng.TestNG.runSuitesSequentially(TestNG.java:1301)
	at org.testng.TestNG.runSuitesLocally(TestNG.java:1226)
	at org.testng.TestNG.runSuites(TestNG.java:1144)
	at org.testng.TestNG.run(TestNG.java:1115)
	at org.testng.remote.AbstractRemoteTestNG.run(AbstractRemoteTestNG.java:115)
	at org.testng.remote.RemoteTestNG.initAndRun(RemoteTestNG.java:251)
	at org.testng.remote.RemoteTestNG.main(RemoteTestNG.java:77)
</pre></div></td>
<td>77</td>
<td>com.xyz.qa.testcases.DepositInvalidTest@46fa7c39</td></tr>
<tr>
<td title='com.xyz.qa.testcases.WithdrawlInvalidTest.withdrawNegativeTest()'><b>withdrawNegativeTest</b><br>Test class: com.xyz.qa.testcases.WithdrawlInvalidTest</td>
<td><div><pre>org.openqa.selenium.NoSuchElementException: no such element: Unable to locate element: {&quot;method&quot;:&quot;xpath&quot;,&quot;selector&quot;:&quot;//span[@class=&apos;error ng-binding&apos;]&quot;}
  (Session info: chrome=122.0.6261.112)
For documentation on this error, please visit: http://seleniumhq.org/exceptions/no_such_element.html
Build info: version: &apos;3.14.0&apos;, revision: &apos;aacccce0&apos;, time: &apos;2018-08-02T20:19:58.91Z&apos;
System info: host: &apos;LAPTOP-BEHQ30E2&apos;, ip: &apos;192.168.29.206&apos;, os.name: &apos;Windows 11&apos;, os.arch: &apos;amd64&apos;, os.version: &apos;10.0&apos;, java.version: &apos;17.0.9&apos;
Driver info: org.openqa.selenium.chrome.ChromeDriver
Capabilities {acceptInsecureCerts: false, browserName: chrome, browserVersion: 122.0.6261.112, chrome: {chromedriverVersion: 122.0.6261.57 (87957e464700..., userDataDir: C:\Users\hp\AppData\Local\T...}, fedcm:accounts: true, goog:chromeOptions: {debuggerAddress: localhost:56165}, javascriptEnabled: true, networkConnectionEnabled: false, pageLoadStrategy: normal, platform: WINDOWS, platformName: WINDOWS, proxy: Proxy(), setWindowRect: true, strictFileInteractability: false, timeouts: {implicit: 0, pageLoad: 300000, script: 30000}, unhandledPromptBehavior: dismiss and notify, webauthn:extension:credBlob: true, webauthn:extension:largeBlob: true, webauthn:extension:minPinLength: true, webauthn:extension:prf: true, webauthn:virtualAuthenticators: true}
Session ID: 6a050e48a74daed0b4a99b0fa7d38b0e
*** Element info: {Using=xpath, value=//span[@class=&apos;error ng-binding&apos;]}
	at org.openqa.selenium.remote.http.W3CHttpResponseCodec.createException(W3CHttpResponseCodec.java:187)
	at org.openqa.selenium.remote.http.W3CHttpResponseCodec.decode(W3CHttpResponseCodec.java:122)
	at org.openqa.selenium.remote.http.W3CHttpResponseCodec.decode(W3CHttpResponseCodec.java:49)
	at org.openqa.selenium.remote.HttpCommandExecutor.execute(HttpCommandExecutor.java:158)
	at org.openqa.selenium.remote.service.DriverCommandExecutor.execute(DriverCommandExecutor.java:83)
	at org.openqa.selenium.remote.RemoteWebDriver.execute(RemoteWebDriver.java:548)
	at org.openqa.selenium.remote.RemoteWebDriver.findElement(RemoteWebDriver.java:322)
	at org.openqa.selenium.remote.RemoteWebDriver.findElementByXPath(RemoteWebDriver.java:424)
	at org.openqa.selenium.By$ByXPath.findElement(By.java:353)
	at org.openqa.selenium.remote.RemoteWebDriver.findElement(RemoteWebDriver.java:314)
	at org.openqa.selenium.support.events.EventFiringWebDriver.lambda$new$1(EventFiringWebDriver.java:105)
	at jdk.proxy2/jdk.proxy2.$Proxy10.findElement(Unknown Source)
	at org.openqa.selenium.support.events.EventFiringWebDriver.findElement(EventFiringWebDriver.java:194)
	at org.openqa.selenium.support.pagefactory.DefaultElementLocator.findElement(DefaultElementLocator.java:69)
	at org.openqa.selenium.support.pagefactory.internal.LocatingElementHandler.invoke(LocatingElementHandler.java:38)
	at jdk.proxy2/jdk.proxy2.$Proxy14.getText(Unknown Source)
	at com.xyz.qa.pages.WithdrawlPage.withdrawamountNegative(WithdrawlPage.java:99)
	at com.xyz.qa.testcases.WithdrawlInvalidTest.withdrawNegativeTest(WithdrawlInvalidTest.java:37)
... Removed 33 stack frames</pre></div><a href='#' onClick='toggleBox("stack-trace1044965465", this, "Click to show all stack frames", "Click to hide stack frames")'>Click to show all stack frames</a>
<div class='stack-trace' id='stack-trace1044965465'><pre>org.openqa.selenium.NoSuchElementException: no such element: Unable to locate element: {&quot;method&quot;:&quot;xpath&quot;,&quot;selector&quot;:&quot;//span[@class=&apos;error ng-binding&apos;]&quot;}
  (Session info: chrome=122.0.6261.112)
For documentation on this error, please visit: http://seleniumhq.org/exceptions/no_such_element.html
Build info: version: &apos;3.14.0&apos;, revision: &apos;aacccce0&apos;, time: &apos;2018-08-02T20:19:58.91Z&apos;
System info: host: &apos;LAPTOP-BEHQ30E2&apos;, ip: &apos;192.168.29.206&apos;, os.name: &apos;Windows 11&apos;, os.arch: &apos;amd64&apos;, os.version: &apos;10.0&apos;, java.version: &apos;17.0.9&apos;
Driver info: org.openqa.selenium.chrome.ChromeDriver
Capabilities {acceptInsecureCerts: false, browserName: chrome, browserVersion: 122.0.6261.112, chrome: {chromedriverVersion: 122.0.6261.57 (87957e464700..., userDataDir: C:\Users\hp\AppData\Local\T...}, fedcm:accounts: true, goog:chromeOptions: {debuggerAddress: localhost:56165}, javascriptEnabled: true, networkConnectionEnabled: false, pageLoadStrategy: normal, platform: WINDOWS, platformName: WINDOWS, proxy: Proxy(), setWindowRect: true, strictFileInteractability: false, timeouts: {implicit: 0, pageLoad: 300000, script: 30000}, unhandledPromptBehavior: dismiss and notify, webauthn:extension:credBlob: true, webauthn:extension:largeBlob: true, webauthn:extension:minPinLength: true, webauthn:extension:prf: true, webauthn:virtualAuthenticators: true}
Session ID: 6a050e48a74daed0b4a99b0fa7d38b0e
*** Element info: {Using=xpath, value=//span[@class=&apos;error ng-binding&apos;]}
	at java.base/jdk.internal.reflect.NativeConstructorAccessorImpl.newInstance0(Native Method)
	at java.base/jdk.internal.reflect.NativeConstructorAccessorImpl.newInstance(NativeConstructorAccessorImpl.java:77)
	at java.base/jdk.internal.reflect.DelegatingConstructorAccessorImpl.newInstance(DelegatingConstructorAccessorImpl.java:45)
	at java.base/java.lang.reflect.Constructor.newInstanceWithCaller(Constructor.java:499)
	at java.base/java.lang.reflect.Constructor.newInstance(Constructor.java:480)
	at org.openqa.selenium.remote.http.W3CHttpResponseCodec.createException(W3CHttpResponseCodec.java:187)
	at org.openqa.selenium.remote.http.W3CHttpResponseCodec.decode(W3CHttpResponseCodec.java:122)
	at org.openqa.selenium.remote.http.W3CHttpResponseCodec.decode(W3CHttpResponseCodec.java:49)
	at org.openqa.selenium.remote.HttpCommandExecutor.execute(HttpCommandExecutor.java:158)
	at org.openqa.selenium.remote.service.DriverCommandExecutor.execute(DriverCommandExecutor.java:83)
	at org.openqa.selenium.remote.RemoteWebDriver.execute(RemoteWebDriver.java:548)
	at org.openqa.selenium.remote.RemoteWebDriver.findElement(RemoteWebDriver.java:322)
	at org.openqa.selenium.remote.RemoteWebDriver.findElementByXPath(RemoteWebDriver.java:424)
	at org.openqa.selenium.By$ByXPath.findElement(By.java:353)
	at org.openqa.selenium.remote.RemoteWebDriver.findElement(RemoteWebDriver.java:314)
	at jdk.internal.reflect.GeneratedMethodAccessor5.invoke(Unknown Source)
	at java.base/jdk.internal.reflect.DelegatingMethodAccessorImpl.invoke(DelegatingMethodAccessorImpl.java:43)
	at java.base/java.lang.reflect.Method.invoke(Method.java:568)
	at org.openqa.selenium.support.events.EventFiringWebDriver.lambda$new$1(EventFiringWebDriver.java:105)
	at jdk.proxy2/jdk.proxy2.$Proxy10.findElement(Unknown Source)
	at org.openqa.selenium.support.events.EventFiringWebDriver.findElement(EventFiringWebDriver.java:194)
	at org.openqa.selenium.support.pagefactory.DefaultElementLocator.findElement(DefaultElementLocator.java:69)
	at org.openqa.selenium.support.pagefactory.internal.LocatingElementHandler.invoke(LocatingElementHandler.java:38)
	at jdk.proxy2/jdk.proxy2.$Proxy14.getText(Unknown Source)
	at com.xyz.qa.pages.WithdrawlPage.withdrawamountNegative(WithdrawlPage.java:99)
	at com.xyz.qa.testcases.WithdrawlInvalidTest.withdrawNegativeTest(WithdrawlInvalidTest.java:37)
	at java.base/jdk.internal.reflect.NativeMethodAccessorImpl.invoke0(Native Method)
	at java.base/jdk.internal.reflect.NativeMethodAccessorImpl.invoke(NativeMethodAccessorImpl.java:77)
	at java.base/jdk.internal.reflect.DelegatingMethodAccessorImpl.invoke(DelegatingMethodAccessorImpl.java:43)
	at java.base/java.lang.reflect.Method.invoke(Method.java:568)
	at org.testng.internal.MethodInvocationHelper.invokeMethod(MethodInvocationHelper.java:108)
	at org.testng.internal.Invoker.invokeMethod(Invoker.java:661)
	at org.testng.internal.Invoker.invokeTestMethod(Invoker.java:869)
	at org.testng.internal.Invoker.invokeTestMethods(Invoker.java:1193)
	at org.testng.internal.TestMethodWorker.invokeTestMethods(TestMethodWorker.java:126)
	at org.testng.internal.TestMethodWorker.run(TestMethodWorker.java:109)
	at org.testng.TestRunner.privateRun(TestRunner.java:744)
	at org.testng.TestRunner.run(TestRunner.java:602)
	at org.testng.SuiteRunner.runTest(SuiteRunner.java:380)
	at org.testng.SuiteRunner.runSequentially(SuiteRunner.java:375)
	at org.testng.SuiteRunner.privateRun(SuiteRunner.java:340)
	at org.testng.SuiteRunner.run(SuiteRunner.java:289)
	at org.testng.SuiteRunnerWorker.runSuite(SuiteRunnerWorker.java:52)
	at org.testng.SuiteRunnerWorker.run(SuiteRunnerWorker.java:86)
	at org.testng.TestNG.runSuitesSequentially(TestNG.java:1301)
	at org.testng.TestNG.runSuitesLocally(TestNG.java:1226)
	at org.testng.TestNG.runSuites(TestNG.java:1144)
	at org.testng.TestNG.run(TestNG.java:1115)
	at org.testng.remote.AbstractRemoteTestNG.run(AbstractRemoteTestNG.java:115)
	at org.testng.remote.RemoteTestNG.initAndRun(RemoteTestNG.java:251)
	at org.testng.remote.RemoteTestNG.main(RemoteTestNG.java:77)
</pre></div></td>
<td>21</td>
<td>com.xyz.qa.testcases.WithdrawlInvalidTest@6497b078</td></tr>
</table><p>
<table width='100%' border='1' class='invocation-passed'>
<tr><td colspan='4' align='center'><b>PASSED TESTS</b></td></tr>
<tr><td><b>Test method</b></td>
<td width="30%"><b>Exception</b></td>
<td width="10%"><b>Time (seconds)</b></td>
<td><b>Instance</b></td>
</tr>
<tr>
<td title='com.xyz.qa.testcases.AddCustomerInvalidTest.addCustDuplicateTest()'><b>addCustDuplicateTest</b><br>Test class: com.xyz.qa.testcases.AddCustomerInvalidTest</td>
<td></td>
<td>0</td>
<td>com.xyz.qa.testcases.AddCustomerInvalidTest@5f683daf</td></tr>
<tr>
<td title='com.xyz.qa.testcases.AddCustomerValidTest.addCustTest()'><b>addCustTest</b><br>Test class: com.xyz.qa.testcases.AddCustomerValidTest</td>
<td></td>
<td>1</td>
<td>com.xyz.qa.testcases.AddCustomerValidTest@1fb700ee</td></tr>
<tr>
<td title='com.xyz.qa.testcases.DeleteCustomersTest.deleteByFnameTest()'><b>deleteByFnameTest</b><br>Test class: com.xyz.qa.testcases.DeleteCustomersTest</td>
<td></td>
<td>21</td>
<td>com.xyz.qa.testcases.DeleteCustomersTest@4f67eb2a</td></tr>
<tr>
<td title='com.xyz.qa.testcases.DeleteCustomersTest.deleteByLnameTest()'><b>deleteByLnameTest</b><br>Test class: com.xyz.qa.testcases.DeleteCustomersTest</td>
<td></td>
<td>22</td>
<td>com.xyz.qa.testcases.DeleteCustomersTest@4f67eb2a</td></tr>
<tr>
<td title='com.xyz.qa.testcases.DepositInvalidTest.depositCharTest()'><b>depositCharTest</b><br>Test class: com.xyz.qa.testcases.DepositInvalidTest</td>
<td></td>
<td>0</td>
<td>com.xyz.qa.testcases.DepositInvalidTest@46fa7c39</td></tr>
<tr>
<td title='com.xyz.qa.testcases.DepositValidTest.depositamountTest()'><b>depositamountTest</b><br>Test class: com.xyz.qa.testcases.DepositValidTest</td>
<td></td>
<td>0</td>
<td>com.xyz.qa.testcases.DepositValidTest@53aad5d5</td></tr>
<tr>
<td title='com.xyz.qa.testcases.LoginCLTest.loginPageTitleTest()'><b>loginPageTitleTest</b><br>Test class: com.xyz.qa.testcases.LoginCLTest</td>
<td></td>
<td>0</td>
<td>com.xyz.qa.testcases.LoginCLTest@4a668b6e</td></tr>
<tr>
<td title='com.xyz.qa.testcases.OpenAccountInvalidTest.openAccountBlankTest()'><b>openAccountBlankTest</b><br>Test class: com.xyz.qa.testcases.OpenAccountInvalidTest</td>
<td></td>
<td>1</td>
<td>com.xyz.qa.testcases.OpenAccountInvalidTest@1329eff</td></tr>
<tr>
<td title='com.xyz.qa.testcases.OpenAccountInvalidTest.openAccountSingleBlankTest1()'><b>openAccountSingleBlankTest1</b><br>Test class: com.xyz.qa.testcases.OpenAccountInvalidTest</td>
<td></td>
<td>0</td>
<td>com.xyz.qa.testcases.OpenAccountInvalidTest@1329eff</td></tr>
<tr>
<td title='com.xyz.qa.testcases.OpenAccountInvalidTest.openAccountSingleBlankTest2()'><b>openAccountSingleBlankTest2</b><br>Test class: com.xyz.qa.testcases.OpenAccountInvalidTest</td>
<td></td>
<td>1</td>
<td>com.xyz.qa.testcases.OpenAccountInvalidTest@1329eff</td></tr>
<tr>
<td title='com.xyz.qa.testcases.OpenAccountValidTest.openAccountValidTest()'><b>openAccountValidTest</b><br>Test class: com.xyz.qa.testcases.OpenAccountValidTest</td>
<td></td>
<td>0</td>
<td>com.xyz.qa.testcases.OpenAccountValidTest@78ffe6dc</td></tr>
<tr>
<td title='com.xyz.qa.testcases.OpenAccountValidTest.openAccountVerifyTest()'><b>openAccountVerifyTest</b><br>Test class: com.xyz.qa.testcases.OpenAccountValidTest</td>
<td></td>
<td>2</td>
<td>com.xyz.qa.testcases.OpenAccountValidTest@78ffe6dc</td></tr>
<tr>
<td title='com.xyz.qa.testcases.SearchCustomersTest.searchByFnameTest()'><b>searchByFnameTest</b><br>Test class: com.xyz.qa.testcases.SearchCustomersTest</td>
<td></td>
<td>0</td>
<td>com.xyz.qa.testcases.SearchCustomersTest@41c2284a</td></tr>
<tr>
<td title='com.xyz.qa.testcases.SearchCustomersTest.searchByLnameTest()'><b>searchByLnameTest</b><br>Test class: com.xyz.qa.testcases.SearchCustomersTest</td>
<td></td>
<td>0</td>
<td>com.xyz.qa.testcases.SearchCustomersTest@41c2284a</td></tr>
<tr>
<td title='com.xyz.qa.testcases.SearchCustomersTest.searchByPostTest()'><b>searchByPostTest</b><br>Test class: com.xyz.qa.testcases.SearchCustomersTest</td>
<td></td>
<td>0</td>
<td>com.xyz.qa.testcases.SearchCustomersTest@41c2284a</td></tr>
<tr>
<td title='com.xyz.qa.testcases.SearchCustomersTest.searchByaccNumTest()'><b>searchByaccNumTest</b><br>Test class: com.xyz.qa.testcases.SearchCustomersTest</td>
<td></td>
<td>0</td>
<td>com.xyz.qa.testcases.SearchCustomersTest@41c2284a</td></tr>
<tr>
<td title='com.xyz.qa.testcases.LoginCLTest.verifyAccountNumberTest()'><b>verifyAccountNumberTest</b><br>Test class: com.xyz.qa.testcases.LoginCLTest</td>
<td></td>
<td>0</td>
<td>com.xyz.qa.testcases.LoginCLTest@4a668b6e</td></tr>
<tr>
<td title='com.xyz.qa.testcases.AddCustomerValidTest.verifyAddedCustTest()'><b>verifyAddedCustTest</b><br>Test class: com.xyz.qa.testcases.AddCustomerValidTest</td>
<td></td>
<td>2</td>
<td>com.xyz.qa.testcases.AddCustomerValidTest@1fb700ee</td></tr>
<tr>
<td title='com.xyz.qa.testcases.LoginCLTest.verifyCustomerNameTest()'><b>verifyCustomerNameTest</b><br>Test class: com.xyz.qa.testcases.LoginCLTest</td>
<td></td>
<td>0</td>
<td>com.xyz.qa.testcases.LoginCLTest@4a668b6e</td></tr>
<tr>
<td title='com.xyz.qa.testcases.LoginCLTest.verifyHeaderTest()'><b>verifyHeaderTest</b><br>Test class: com.xyz.qa.testcases.LoginCLTest</td>
<td></td>
<td>0</td>
<td>com.xyz.qa.testcases.LoginCLTest@4a668b6e</td></tr>
<tr>
<td title='com.xyz.qa.testcases.DepositValidTest.verifydepositamountTest()'><b>verifydepositamountTest</b><br>Test class: com.xyz.qa.testcases.DepositValidTest</td>
<td></td>
<td>0</td>
<td>com.xyz.qa.testcases.DepositValidTest@53aad5d5</td></tr>
<tr>
<td title='com.xyz.qa.testcases.WithdrawValidTest.verifywithdrawlamountTest()'><b>verifywithdrawlamountTest</b><br>Test class: com.xyz.qa.testcases.WithdrawValidTest</td>
<td></td>
<td>0</td>
<td>com.xyz.qa.testcases.WithdrawValidTest@c03cf28</td></tr>
<tr>
<td title='com.xyz.qa.testcases.TransactionsTest.viewTransactionDepositTest()'><b>viewTransactionDepositTest</b><br>Test class: com.xyz.qa.testcases.TransactionsTest</td>
<td></td>
<td>0</td>
<td>com.xyz.qa.testcases.TransactionsTest@1356d4d4</td></tr>
<tr>
<td title='com.xyz.qa.testcases.TransactionsTest.viewTransactionWithdrawlTest()'><b>viewTransactionWithdrawlTest</b><br>Test class: com.xyz.qa.testcases.TransactionsTest</td>
<td></td>
<td>1</td>
<td>com.xyz.qa.testcases.TransactionsTest@1356d4d4</td></tr>
<tr>
<td title='com.xyz.qa.testcases.WithdrawlInvalidTest.withdrawCharTest()'><b>withdrawCharTest</b><br>Test class: com.xyz.qa.testcases.WithdrawlInvalidTest</td>
<td></td>
<td>0</td>
<td>com.xyz.qa.testcases.WithdrawlInvalidTest@6497b078</td></tr>
<tr>
<td title='com.xyz.qa.testcases.WithdrawlInvalidTest.withdrawMorethanBalanceTest()'><b>withdrawMorethanBalanceTest</b><br>Test class: com.xyz.qa.testcases.WithdrawlInvalidTest</td>
<td></td>
<td>0</td>
<td>com.xyz.qa.testcases.WithdrawlInvalidTest@6497b078</td></tr>
<tr>
<td title='com.xyz.qa.testcases.WithdrawValidTest.withdrawamountTest()'><b>withdrawamountTest</b><br>Test class: com.xyz.qa.testcases.WithdrawValidTest</td>
<td></td>
<td>0</td>
<td>com.xyz.qa.testcases.WithdrawValidTest@c03cf28</td></tr>
</table><p>
</body>
</html>