<?xml version="1.0" encoding="UTF-8"?>
<!-- Generated by org.testng.reporters.JUnitXMLReporter -->
<testsuite ignored="0" hostname="LAPTOP-BEHQ30E2" failures="4" tests="31" name="XYZ Bank Test" time="616.379" errors="0" timestamp="08 Mar 2024 16:38:06 GMT">
  <testcase classname="com.xyz.qa.testcases.TransactionsTest" name="viewTransactionWithdrawlTest" time="1.057"/>
  <testcase classname="com.xyz.qa.testcases.WithdrawValidTest" name="withdrawamountTest" time="0.592"/>
  <testcase classname="com.xyz.qa.testcases.OpenAccountInvalidTest" name="openAccountBlankTest" time="1.534"/>
  <testcase classname="com.xyz.qa.testcases.WithdrawlInvalidTest" name="withdrawNegativeTest" time="21.779">
    <failure type="org.openqa.selenium.NoSuchElementException" message="no such element: Unable to locate element: {&amp;quot;method&amp;quot;:&amp;quot;xpath&amp;quot;,&amp;quot;selector&amp;quot;:&amp;quot;//span[@class=&amp;apos;error ng-binding&amp;apos;]&amp;quot;}
  (Session info: chrome=122.0.6261.112)
For documentation on this error, please visit: http://seleniumhq.org/exceptions/no_such_element.html
Build info: version: &amp;apos;3.14.0&amp;apos;, revision: &amp;apos;aacccce0&amp;apos;, time: &amp;apos;2018-08-02T20:19:58.91Z&amp;apos;
System info: host: &amp;apos;LAPTOP-BEHQ30E2&amp;apos;, ip: &amp;apos;192.168.29.206&amp;apos;, os.name: &amp;apos;Windows 11&amp;apos;, os.arch: &amp;apos;amd64&amp;apos;, os.version: &amp;apos;10.0&amp;apos;, java.version: &amp;apos;17.0.9&amp;apos;
Driver info: org.openqa.selenium.chrome.ChromeDriver
Capabilities {acceptInsecureCerts: false, browserName: chrome, browserVersion: 122.0.6261.112, chrome: {chromedriverVersion: 122.0.6261.57 (87957e464700..., userDataDir: C:\Users\hp\AppData\Local\T...}, fedcm:accounts: true, goog:chromeOptions: {debuggerAddress: localhost:56165}, javascriptEnabled: true, networkConnectionEnabled: false, pageLoadStrategy: normal, platform: WINDOWS, platformName: WINDOWS, proxy: Proxy(), setWindowRect: true, strictFileInteractability: false, timeouts: {implicit: 0, pageLoad: 300000, script: 30000}, unhandledPromptBehavior: dismiss and notify, webauthn:extension:credBlob: true, webauthn:extension:largeBlob: true, webauthn:extension:minPinLength: true, webauthn:extension:prf: true, webauthn:virtualAuthenticators: true}
Session ID: 6a050e48a74daed0b4a99b0fa7d38b0e
*** Element info: {Using=xpath, value=//span[@class=&amp;apos;error ng-binding&amp;apos;]}">
      <![CDATA[org.openqa.selenium.NoSuchElementException: no such element: Unable to locate element: {"method":"xpath","selector":"//span[@class='error ng-binding']"}
  (Session info: chrome=122.0.6261.112)
For documentation on this error, please visit: http://seleniumhq.org/exceptions/no_such_element.html
Build info: version: '3.14.0', revision: 'aacccce0', time: '2018-08-02T20:19:58.91Z'
System info: host: 'LAPTOP-BEHQ30E2', ip: '192.168.29.206', os.name: 'Windows 11', os.arch: 'amd64', os.version: '10.0', java.version: '17.0.9'
Driver info: org.openqa.selenium.chrome.ChromeDriver
Capabilities {acceptInsecureCerts: false, browserName: chrome, browserVersion: 122.0.6261.112, chrome: {chromedriverVersion: 122.0.6261.57 (87957e464700..., userDataDir: C:\Users\hp\AppData\Local\T...}, fedcm:accounts: true, goog:chromeOptions: {debuggerAddress: localhost:56165}, javascriptEnabled: true, networkConnectionEnabled: false, pageLoadStrategy: normal, platform: WINDOWS, platformName: WINDOWS, proxy: Proxy(), setWindowRect: true, strictFileInteractability: false, timeouts: {implicit: 0, pageLoad: 300000, script: 30000}, unhandledPromptBehavior: dismiss and notify, webauthn:extension:credBlob: true, webauthn:extension:largeBlob: true, webauthn:extension:minPinLength: true, webauthn:extension:prf: true, webauthn:virtualAuthenticators: true}
Session ID: 6a050e48a74daed0b4a99b0fa7d38b0e
*** Element info: {Using=xpath, value=//span[@class='error ng-binding']}
	at org.openqa.selenium.remote.http.W3CHttpResponseCodec.createException(W3CHttpResponseCodec.java:187)
	at org.openqa.selenium.remote.http.W3CHttpResponseCodec.decode(W3CHttpResponseCodec.java:122)
	at org.openqa.selenium.remote.http.W3CHttpResponseCodec.decode(W3CHttpResponseCodec.java:49)
	at org.openqa.selenium.remote.HttpCommandExecutor.execute(HttpCommandExecutor.java:158)
	at org.openqa.selenium.remote.service.DriverCommandExecutor.execute(DriverCommandExecutor.java:83)
	at org.openqa.selenium.remote.RemoteWebDriver.execute(RemoteWebDriver.java:548)
	at org.openqa.selenium.remote.RemoteWebDriver.findElement(RemoteWebDriver.java:322)
	at org.openqa.selenium.remote.RemoteWebDriver.findElementByXPath(RemoteWebDriver.java:424)
	at org.openqa.selenium.By$ByXPath.findElement(By.java:353)
	at org.openqa.selenium.remote.RemoteWebDriver.findElement(RemoteWebDriver.java:314)
	at org.openqa.selenium.support.events.EventFiringWebDriver.lambda$new$1(EventFiringWebDriver.java:105)
	at jdk.proxy2/jdk.proxy2.$Proxy10.findElement(Unknown Source)
	at org.openqa.selenium.support.events.EventFiringWebDriver.findElement(EventFiringWebDriver.java:194)
	at org.openqa.selenium.support.pagefactory.DefaultElementLocator.findElement(DefaultElementLocator.java:69)
	at org.openqa.selenium.support.pagefactory.internal.LocatingElementHandler.invoke(LocatingElementHandler.java:38)
	at jdk.proxy2/jdk.proxy2.$Proxy14.getText(Unknown Source)
	at com.xyz.qa.pages.WithdrawlPage.withdrawamountNegative(WithdrawlPage.java:99)
	at com.xyz.qa.testcases.WithdrawlInvalidTest.withdrawNegativeTest(WithdrawlInvalidTest.java:37)
... Removed 33 stack frames]]>
    </failure>
  </testcase> <!-- withdrawNegativeTest -->
  <testcase classname="com.xyz.qa.testcases.SearchCustomersTest" name="searchByFnameTest" time="0.648"/>
  <testcase classname="com.xyz.qa.testcases.DepositValidTest" name="depositamountTest" time="0.983"/>
  <testcase classname="com.xyz.qa.testcases.DepositInvalidTest" name="depositNegativeTest" time="77.892">
    <failure type="org.openqa.selenium.NoSuchElementException" message="no such element: Unable to locate element: {&amp;quot;method&amp;quot;:&amp;quot;xpath&amp;quot;,&amp;quot;selector&amp;quot;:&amp;quot;//span[@class=&amp;apos;error ng-binding&amp;apos;]&amp;quot;}
  (Session info: chrome=122.0.6261.112)
For documentation on this error, please visit: http://seleniumhq.org/exceptions/no_such_element.html
Build info: version: &amp;apos;3.14.0&amp;apos;, revision: &amp;apos;aacccce0&amp;apos;, time: &amp;apos;2018-08-02T20:19:58.91Z&amp;apos;
System info: host: &amp;apos;LAPTOP-BEHQ30E2&amp;apos;, ip: &amp;apos;192.168.29.206&amp;apos;, os.name: &amp;apos;Windows 11&amp;apos;, os.arch: &amp;apos;amd64&amp;apos;, os.version: &amp;apos;10.0&amp;apos;, java.version: &amp;apos;17.0.9&amp;apos;
Driver info: org.openqa.selenium.chrome.ChromeDriver
Capabilities {acceptInsecureCerts: false, browserName: chrome, browserVersion: 122.0.6261.112, chrome: {chromedriverVersion: 122.0.6261.57 (87957e464700..., userDataDir: C:\Users\hp\AppData\Local\T...}, fedcm:accounts: true, goog:chromeOptions: {debuggerAddress: localhost:56257}, javascriptEnabled: true, networkConnectionEnabled: false, pageLoadStrategy: normal, platform: WINDOWS, platformName: WINDOWS, proxy: Proxy(), setWindowRect: true, strictFileInteractability: false, timeouts: {implicit: 0, pageLoad: 300000, script: 30000}, unhandledPromptBehavior: dismiss and notify, webauthn:extension:credBlob: true, webauthn:extension:largeBlob: true, webauthn:extension:minPinLength: true, webauthn:extension:prf: true, webauthn:virtualAuthenticators: true}
Session ID: c2083fc1011e0907bcf250bcc6281238
*** Element info: {Using=xpath, value=//span[@class=&amp;apos;error ng-binding&amp;apos;]}">
      <![CDATA[org.openqa.selenium.NoSuchElementException: no such element: Unable to locate element: {"method":"xpath","selector":"//span[@class='error ng-binding']"}
  (Session info: chrome=122.0.6261.112)
For documentation on this error, please visit: http://seleniumhq.org/exceptions/no_such_element.html
Build info: version: '3.14.0', revision: 'aacccce0', time: '2018-08-02T20:19:58.91Z'
System info: host: 'LAPTOP-BEHQ30E2', ip: '192.168.29.206', os.name: 'Windows 11', os.arch: 'amd64', os.version: '10.0', java.version: '17.0.9'
Driver info: org.openqa.selenium.chrome.ChromeDriver
Capabilities {acceptInsecureCerts: false, browserName: chrome, browserVersion: 122.0.6261.112, chrome: {chromedriverVersion: 122.0.6261.57 (87957e464700..., userDataDir: C:\Users\hp\AppData\Local\T...}, fedcm:accounts: true, goog:chromeOptions: {debuggerAddress: localhost:56257}, javascriptEnabled: true, networkConnectionEnabled: false, pageLoadStrategy: normal, platform: WINDOWS, platformName: WINDOWS, proxy: Proxy(), setWindowRect: true, strictFileInteractability: false, timeouts: {implicit: 0, pageLoad: 300000, script: 30000}, unhandledPromptBehavior: dismiss and notify, webauthn:extension:credBlob: true, webauthn:extension:largeBlob: true, webauthn:extension:minPinLength: true, webauthn:extension:prf: true, webauthn:virtualAuthenticators: true}
Session ID: c2083fc1011e0907bcf250bcc6281238
*** Element info: {Using=xpath, value=//span[@class='error ng-binding']}
	at org.openqa.selenium.remote.http.W3CHttpResponseCodec.createException(W3CHttpResponseCodec.java:187)
	at org.openqa.selenium.remote.http.W3CHttpResponseCodec.decode(W3CHttpResponseCodec.java:122)
	at org.openqa.selenium.remote.http.W3CHttpResponseCodec.decode(W3CHttpResponseCodec.java:49)
	at org.openqa.selenium.remote.HttpCommandExecutor.execute(HttpCommandExecutor.java:158)
	at org.openqa.selenium.remote.service.DriverCommandExecutor.execute(DriverCommandExecutor.java:83)
	at org.openqa.selenium.remote.RemoteWebDriver.execute(RemoteWebDriver.java:548)
	at org.openqa.selenium.remote.RemoteWebDriver.findElement(RemoteWebDriver.java:322)
	at org.openqa.selenium.remote.RemoteWebDriver.findElementByXPath(RemoteWebDriver.java:424)
	at org.openqa.selenium.By$ByXPath.findElement(By.java:353)
	at org.openqa.selenium.remote.RemoteWebDriver.findElement(RemoteWebDriver.java:314)
	at org.openqa.selenium.support.events.EventFiringWebDriver.lambda$new$1(EventFiringWebDriver.java:105)
	at jdk.proxy2/jdk.proxy2.$Proxy10.findElement(Unknown Source)
	at org.openqa.selenium.support.events.EventFiringWebDriver.findElement(EventFiringWebDriver.java:194)
	at org.openqa.selenium.support.pagefactory.DefaultElementLocator.findElement(DefaultElementLocator.java:69)
	at org.openqa.selenium.support.pagefactory.internal.LocatingElementHandler.invoke(LocatingElementHandler.java:38)
	at jdk.proxy2/jdk.proxy2.$Proxy14.getText(Unknown Source)
	at com.xyz.qa.pages.DepositPage.depositamountNegative(DepositPage.java:102)
	at com.xyz.qa.testcases.DepositInvalidTest.depositNegativeTest(DepositInvalidTest.java:35)
... Removed 33 stack frames]]>
    </failure>
  </testcase> <!-- depositNegativeTest -->
  <testcase classname="com.xyz.qa.testcases.AddCustomerValidTest" name="addCustTest" time="1.135"/>
  <testcase classname="com.xyz.qa.testcases.DeleteCustomersTest" name="deleteByFnameTest" time="21.167"/>
  <testcase classname="com.xyz.qa.testcases.LoginCLTest" name="loginPageTitleTest" time="0.011"/>
  <testcase classname="com.xyz.qa.testcases.AddCustomerInvalidTest" name="addCustDuplicateTest" time="0.744"/>
  <testcase classname="com.xyz.qa.testcases.OpenAccountValidTest" name="openAccountValidTest" time="0.781"/>
  <testcase classname="com.xyz.qa.testcases.TransactionsTest" name="viewTransactionDepositTest" time="0.81"/>
  <testcase classname="com.xyz.qa.testcases.WithdrawValidTest" name="verifywithdrawlamountTest" time="0.489"/>
  <testcase classname="com.xyz.qa.testcases.OpenAccountInvalidTest" name="openAccountSingleBlankTest1" time="0.939"/>
  <testcase classname="com.xyz.qa.testcases.WithdrawlInvalidTest" name="withdrawCharTest" time="0.921"/>
  <testcase classname="com.xyz.qa.testcases.SearchCustomersTest" name="searchByLnameTest" time="0.597"/>
  <testcase classname="com.xyz.qa.testcases.DepositValidTest" name="verifydepositamountTest" time="0.514"/>
  <testcase classname="com.xyz.qa.testcases.DepositInvalidTest" name="depositCharTest" time="0.666"/>
  <testcase classname="com.xyz.qa.testcases.AddCustomerValidTest" name="verifyAddedCustTest" time="2.79"/>
  <testcase classname="com.xyz.qa.testcases.DeleteCustomersTest" name="deleteByLnameTest" time="22.892"/>
  <testcase classname="com.xyz.qa.testcases.LoginCLTest" name="verifyHeaderTest" time="0.441"/>
  <testcase classname="com.xyz.qa.testcases.AddCustomerInvalidTest" name="addCustNumbersTest" time="0.841">
    <failure type="java.lang.AssertionError" message="expected [false] but found [true]">
      <![CDATA[java.lang.AssertionError: expected [false] but found [true]
	at com.xyz.qa.testcases.AddCustomerInvalidTest.addCustNumbersTest(AddCustomerInvalidTest.java:49)
... Removed 29 stack frames]]>
    </failure>
  </testcase> <!-- addCustNumbersTest -->
  <testcase classname="com.xyz.qa.testcases.AddCustomerInvalidTest" name="addCustValidationTest" time="0.841">
    <failure type="java.lang.AssertionError" message="expected [false] but found [true]">
      <![CDATA[java.lang.AssertionError: expected [false] but found [true]
	at com.xyz.qa.testcases.AddCustomerInvalidTest.addCustValidationTest(AddCustomerInvalidTest.java:43)
... Removed 29 stack frames]]>
    </failure>
  </testcase> <!-- addCustValidationTest -->
  <testcase classname="com.xyz.qa.testcases.OpenAccountValidTest" name="openAccountVerifyTest" time="2.181"/>
  <testcase classname="com.xyz.qa.testcases.OpenAccountInvalidTest" name="openAccountSingleBlankTest2" time="1.46"/>
  <testcase classname="com.xyz.qa.testcases.LoginCLTest" name="verifyAccountNumberTest" time="0.378"/>
  <testcase classname="com.xyz.qa.testcases.WithdrawlInvalidTest" name="withdrawMorethanBalanceTest" time="0.556"/>
  <testcase classname="com.xyz.qa.testcases.SearchCustomersTest" name="searchByPostTest" time="0.514"/>
  <testcase classname="com.xyz.qa.testcases.SearchCustomersTest" name="searchByaccNumTest" time="0.598"/>
  <testcase classname="com.xyz.qa.testcases.LoginCLTest" name="verifyCustomerNameTest" time="0.305"/>
</testsuite> <!-- XYZ Bank Test -->
