<!DOCTYPE html PUBLIC "-//W3C//DTD XHTML 1.1//EN" "http://www.w3.org/TR/xhtml11/DTD/xhtml11.dtd">
<html xmlns="http://www.w3.org/1999/xhtml"><head><title>TestNG Report</title><style type="text/css">table {margin-bottom:10px;border-collapse:collapse;empty-cells:show}th,td {border:1px solid #009;padding:.25em .5em}th {vertical-align:bottom}td {vertical-align:top}table a {font-weight:bold}.stripe td {background-color: #E6EBF9}.num {text-align:right}.passedodd td {background-color: #3F3}.passedeven td {background-color: #0A0}.skippedodd td {background-color: #DDD}.skippedeven td {background-color: #CCC}.failedodd td,.attn {background-color: #F33}.failedeven td,.stripe .attn {background-color: #D00}.stacktrace {white-space:pre;font-family:monospace}.totop {font-size:85%;text-align:center;border-bottom:2px solid #000}</style></head><body><table><tr><th>Test</th><th># Passed</th><th># Skipped</th><th># Failed</th><th>Time (ms)</th><th>Included Groups</th><th>Excluded Groups</th></tr><tr><th colspan="7">Capstone Project</th></tr><tr><td><a href="#t0">XYZ Bank Test</a></td><td class="num">27</td><td class="num">0</td><td class="num attn">4</td><td class="num">616,379</td><td></td><td></td></tr></table><table id='summary'><thead><tr><th>Class</th><th>Method</th><th>Start</th><th>Time (ms)</th></tr></thead><tbody><tr><th colspan="4">Capstone Project</th></tr></tbody><tbody id="t0"><tr><th colspan="4">XYZ Bank Test &#8212; failed</th></tr><tr class="failedeven"><td rowspan="2">com.xyz.qa.testcases.AddCustomerInvalidTest</td><td><a href="#m0">addCustNumbersTest</a></td><td rowspan="1">1709915709904</td><td rowspan="1">841</td></tr><tr class="failedeven"><td><a href="#m1">addCustValidationTest</a></td><td rowspan="1">1709915719776</td><td rowspan="1">841</td></tr><tr class="failedodd"><td rowspan="1">com.xyz.qa.testcases.DepositInvalidTest</td><td><a href="#m2">depositNegativeTest</a></td><td rowspan="1">1709915382911</td><td rowspan="1">77892</td></tr><tr class="failedeven"><td rowspan="1">com.xyz.qa.testcases.WithdrawlInvalidTest</td><td><a href="#m3">withdrawNegativeTest</a></td><td rowspan="1">1709915312727</td><td rowspan="1">21779</td></tr><tr><th colspan="4">XYZ Bank Test &#8212; passed</th></tr><tr class="passedeven"><td rowspan="1">com.xyz.qa.testcases.AddCustomerInvalidTest</td><td><a href="#m4">addCustDuplicateTest</a></td><td rowspan="1">1709915541758</td><td rowspan="1">744</td></tr><tr class="passedodd"><td rowspan="2">com.xyz.qa.testcases.AddCustomerValidTest</td><td><a href="#m5">addCustTest</a></td><td rowspan="1">1709915484414</td><td rowspan="1">1135</td></tr><tr class="passedodd"><td><a href="#m6">verifyAddedCustTest</a></td><td rowspan="1">1709915649717</td><td rowspan="1">2790</td></tr><tr class="passedeven"><td rowspan="2">com.xyz.qa.testcases.DeleteCustomersTest</td><td><a href="#m7">deleteByFnameTest</a></td><td rowspan="1">1709915497012</td><td rowspan="1">21167</td></tr><tr class="passedeven"><td><a href="#m8">deleteByLnameTest</a></td><td rowspan="1">1709915661925</td><td rowspan="1">22892</td></tr><tr class="passedodd"><td rowspan="1">com.xyz.qa.testcases.DepositInvalidTest</td><td><a href="#m9">depositCharTest</a></td><td rowspan="1">1709915637834</td><td rowspan="1">666</td></tr><tr class="passedeven"><td rowspan="2">com.xyz.qa.testcases.DepositValidTest</td><td><a href="#m10">depositamountTest</a></td><td rowspan="1">1709915366017</td><td rowspan="1">983</td></tr><tr class="passedeven"><td><a href="#m11">verifydepositamountTest</a></td><td rowspan="1">1709915627336</td><td rowspan="1">514</td></tr><tr class="passedodd"><td rowspan="4">com.xyz.qa.testcases.LoginCLTest</td><td><a href="#m12">loginPageTitleTest</a></td><td rowspan="1">1709915532925</td><td rowspan="1">11</td></tr><tr class="passedodd"><td><a href="#m13">verifyAccountNumberTest</a></td><td rowspan="1">1709915839646</td><td rowspan="1">378</td></tr><tr class="passedodd"><td><a href="#m14">verifyCustomerNameTest</a></td><td rowspan="1">1709915885187</td><td rowspan="1">305</td></tr><tr class="passedodd"><td><a href="#m15">verifyHeaderTest</a></td><td rowspan="1">1709915697907</td><td rowspan="1">441</td></tr><tr class="passedeven"><td rowspan="3">com.xyz.qa.testcases.OpenAccountInvalidTest</td><td><a href="#m16">openAccountBlankTest</a></td><td rowspan="1">1709915300873</td><td rowspan="1">1534</td></tr><tr class="passedeven"><td><a href="#m17">openAccountSingleBlankTest1</a></td><td rowspan="1">1709915589285</td><td rowspan="1">939</td></tr><tr class="passedeven"><td><a href="#m18">openAccountSingleBlankTest2</a></td><td rowspan="1">1709915819699</td><td rowspan="1">1460</td></tr><tr class="passedodd"><td rowspan="2">com.xyz.qa.testcases.OpenAccountValidTest</td><td><a href="#m19">openAccountValidTest</a></td><td rowspan="1">1709915554488</td><td rowspan="1">781</td></tr><tr class="passedodd"><td><a href="#m20">openAccountVerifyTest</a></td><td rowspan="1">1709915732781</td><td rowspan="1">2181</td></tr><tr class="passedeven"><td rowspan="4">com.xyz.qa.testcases.SearchCustomersTest</td><td><a href="#m21">searchByFnameTest</a></td><td rowspan="1">1709915347505</td><td rowspan="1">648</td></tr><tr class="passedeven"><td><a href="#m22">searchByLnameTest</a></td><td rowspan="1">1709915614869</td><td rowspan="1">597</td></tr><tr class="passedeven"><td><a href="#m23">searchByPostTest</a></td><td rowspan="1">1709915864648</td><td rowspan="1">514</td></tr><tr class="passedeven"><td><a href="#m24">searchByaccNumTest</a></td><td rowspan="1">1709915875678</td><td rowspan="1">598</td></tr><tr class="passedodd"><td rowspan="2">com.xyz.qa.testcases.TransactionsTest</td><td><a href="#m25">viewTransactionDepositTest</a></td><td rowspan="1">1709915564827</td><td rowspan="1">810</td></tr><tr class="passedodd"><td><a href="#m26">viewTransactionWithdrawlTest</a></td><td rowspan="1">1709915281102</td><td rowspan="1">1057</td></tr><tr class="passedeven"><td rowspan="2">com.xyz.qa.testcases.WithdrawValidTest</td><td><a href="#m27">verifywithdrawlamountTest</a></td><td rowspan="1">1709915578164</td><td rowspan="1">489</td></tr><tr class="passedeven"><td><a href="#m28">withdrawamountTest</a></td><td rowspan="1">1709915290713</td><td rowspan="1">592</td></tr><tr class="passedodd"><td rowspan="2">com.xyz.qa.testcases.WithdrawlInvalidTest</td><td><a href="#m29">withdrawCharTest</a></td><td rowspan="1">1709915602963</td><td rowspan="1">921</td></tr><tr class="passedodd"><td><a href="#m30">withdrawMorethanBalanceTest</a></td><td rowspan="1">1709915856198</td><td rowspan="1">556</td></tr></tbody></table><h2>XYZ Bank Test</h2><h3 id="m0">com.xyz.qa.testcases.AddCustomerInvalidTest#addCustNumbersTest</h3><table class="result"><tr><th>Exception</th></tr><tr><td><div class="stacktrace">java.lang.AssertionError: expected [false] but found [true]
	at com.xyz.qa.testcases.AddCustomerInvalidTest.addCustNumbersTest(AddCustomerInvalidTest.java:49)
... Removed 29 stack frames</div></td></tr></table><p class="totop"><a href="#summary">back to summary</a></p><h3 id="m1">com.xyz.qa.testcases.AddCustomerInvalidTest#addCustValidationTest</h3><table class="result"><tr><th>Exception</th></tr><tr><td><div class="stacktrace">java.lang.AssertionError: expected [false] but found [true]
	at com.xyz.qa.testcases.AddCustomerInvalidTest.addCustValidationTest(AddCustomerInvalidTest.java:43)
... Removed 29 stack frames</div></td></tr></table><p class="totop"><a href="#summary">back to summary</a></p><h3 id="m2">com.xyz.qa.testcases.DepositInvalidTest#depositNegativeTest</h3><table class="result"><tr><th>Exception</th></tr><tr><td><div class="stacktrace">org.openqa.selenium.NoSuchElementException: no such element: Unable to locate element: {&quot;method&quot;:&quot;xpath&quot;,&quot;selector&quot;:&quot;//span[@class=&apos;error ng-binding&apos;]&quot;}
  (Session info: chrome=122.0.6261.112)
For documentation on this error, please visit: http://seleniumhq.org/exceptions/no_such_element.html
Build info: version: &apos;3.14.0&apos;, revision: &apos;aacccce0&apos;, time: &apos;2018-08-02T20:19:58.91Z&apos;
System info: host: &apos;LAPTOP-BEHQ30E2&apos;, ip: &apos;192.168.29.206&apos;, os.name: &apos;Windows 11&apos;, os.arch: &apos;amd64&apos;, os.version: &apos;10.0&apos;, java.version: &apos;17.0.9&apos;
Driver info: org.openqa.selenium.chrome.ChromeDriver
Capabilities {acceptInsecureCerts: false, browserName: chrome, browserVersion: 122.0.6261.112, chrome: {chromedriverVersion: 122.0.6261.57 (87957e464700..., userDataDir: C:\Users\hp\AppData\Local\T...}, fedcm:accounts: true, goog:chromeOptions: {debuggerAddress: localhost:56257}, javascriptEnabled: true, networkConnectionEnabled: false, pageLoadStrategy: normal, platform: WINDOWS, platformName: WINDOWS, proxy: Proxy(), setWindowRect: true, strictFileInteractability: false, timeouts: {implicit: 0, pageLoad: 300000, script: 30000}, unhandledPromptBehavior: dismiss and notify, webauthn:extension:credBlob: true, webauthn:extension:largeBlob: true, webauthn:extension:minPinLength: true, webauthn:extension:prf: true, webauthn:virtualAuthenticators: true}
Session ID: c2083fc1011e0907bcf250bcc6281238
*** Element info: {Using=xpath, value=//span[@class=&apos;error ng-binding&apos;]}
	at org.openqa.selenium.remote.http.W3CHttpResponseCodec.createException(W3CHttpResponseCodec.java:187)
	at org.openqa.selenium.remote.http.W3CHttpResponseCodec.decode(W3CHttpResponseCodec.java:122)
	at org.openqa.selenium.remote.http.W3CHttpResponseCodec.decode(W3CHttpResponseCodec.java:49)
	at org.openqa.selenium.remote.HttpCommandExecutor.execute(HttpCommandExecutor.java:158)
	at org.openqa.selenium.remote.service.DriverCommandExecutor.execute(DriverCommandExecutor.java:83)
	at org.openqa.selenium.remote.RemoteWebDriver.execute(RemoteWebDriver.java:548)
	at org.openqa.selenium.remote.RemoteWebDriver.findElement(RemoteWebDriver.java:322)
	at org.openqa.selenium.remote.RemoteWebDriver.findElementByXPath(RemoteWebDriver.java:424)
	at org.openqa.selenium.By$ByXPath.findElement(By.java:353)
	at org.openqa.selenium.remote.RemoteWebDriver.findElement(RemoteWebDriver.java:314)
	at org.openqa.selenium.support.events.EventFiringWebDriver.lambda$new$1(EventFiringWebDriver.java:105)
	at jdk.proxy2/jdk.proxy2.$Proxy10.findElement(Unknown Source)
	at org.openqa.selenium.support.events.EventFiringWebDriver.findElement(EventFiringWebDriver.java:194)
	at org.openqa.selenium.support.pagefactory.DefaultElementLocator.findElement(DefaultElementLocator.java:69)
	at org.openqa.selenium.support.pagefactory.internal.LocatingElementHandler.invoke(LocatingElementHandler.java:38)
	at jdk.proxy2/jdk.proxy2.$Proxy14.getText(Unknown Source)
	at com.xyz.qa.pages.DepositPage.depositamountNegative(DepositPage.java:102)
	at com.xyz.qa.testcases.DepositInvalidTest.depositNegativeTest(DepositInvalidTest.java:35)
... Removed 33 stack frames</div></td></tr></table><p class="totop"><a href="#summary">back to summary</a></p><h3 id="m3">com.xyz.qa.testcases.WithdrawlInvalidTest#withdrawNegativeTest</h3><table class="result"><tr><th>Exception</th></tr><tr><td><div class="stacktrace">org.openqa.selenium.NoSuchElementException: no such element: Unable to locate element: {&quot;method&quot;:&quot;xpath&quot;,&quot;selector&quot;:&quot;//span[@class=&apos;error ng-binding&apos;]&quot;}
  (Session info: chrome=122.0.6261.112)
For documentation on this error, please visit: http://seleniumhq.org/exceptions/no_such_element.html
Build info: version: &apos;3.14.0&apos;, revision: &apos;aacccce0&apos;, time: &apos;2018-08-02T20:19:58.91Z&apos;
System info: host: &apos;LAPTOP-BEHQ30E2&apos;, ip: &apos;192.168.29.206&apos;, os.name: &apos;Windows 11&apos;, os.arch: &apos;amd64&apos;, os.version: &apos;10.0&apos;, java.version: &apos;17.0.9&apos;
Driver info: org.openqa.selenium.chrome.ChromeDriver
Capabilities {acceptInsecureCerts: false, browserName: chrome, browserVersion: 122.0.6261.112, chrome: {chromedriverVersion: 122.0.6261.57 (87957e464700..., userDataDir: C:\Users\hp\AppData\Local\T...}, fedcm:accounts: true, goog:chromeOptions: {debuggerAddress: localhost:56165}, javascriptEnabled: true, networkConnectionEnabled: false, pageLoadStrategy: normal, platform: WINDOWS, platformName: WINDOWS, proxy: Proxy(), setWindowRect: true, strictFileInteractability: false, timeouts: {implicit: 0, pageLoad: 300000, script: 30000}, unhandledPromptBehavior: dismiss and notify, webauthn:extension:credBlob: true, webauthn:extension:largeBlob: true, webauthn:extension:minPinLength: true, webauthn:extension:prf: true, webauthn:virtualAuthenticators: true}
Session ID: 6a050e48a74daed0b4a99b0fa7d38b0e
*** Element info: {Using=xpath, value=//span[@class=&apos;error ng-binding&apos;]}
	at org.openqa.selenium.remote.http.W3CHttpResponseCodec.createException(W3CHttpResponseCodec.java:187)
	at org.openqa.selenium.remote.http.W3CHttpResponseCodec.decode(W3CHttpResponseCodec.java:122)
	at org.openqa.selenium.remote.http.W3CHttpResponseCodec.decode(W3CHttpResponseCodec.java:49)
	at org.openqa.selenium.remote.HttpCommandExecutor.execute(HttpCommandExecutor.java:158)
	at org.openqa.selenium.remote.service.DriverCommandExecutor.execute(DriverCommandExecutor.java:83)
	at org.openqa.selenium.remote.RemoteWebDriver.execute(RemoteWebDriver.java:548)
	at org.openqa.selenium.remote.RemoteWebDriver.findElement(RemoteWebDriver.java:322)
	at org.openqa.selenium.remote.RemoteWebDriver.findElementByXPath(RemoteWebDriver.java:424)
	at org.openqa.selenium.By$ByXPath.findElement(By.java:353)
	at org.openqa.selenium.remote.RemoteWebDriver.findElement(RemoteWebDriver.java:314)
	at org.openqa.selenium.support.events.EventFiringWebDriver.lambda$new$1(EventFiringWebDriver.java:105)
	at jdk.proxy2/jdk.proxy2.$Proxy10.findElement(Unknown Source)
	at org.openqa.selenium.support.events.EventFiringWebDriver.findElement(EventFiringWebDriver.java:194)
	at org.openqa.selenium.support.pagefactory.DefaultElementLocator.findElement(DefaultElementLocator.java:69)
	at org.openqa.selenium.support.pagefactory.internal.LocatingElementHandler.invoke(LocatingElementHandler.java:38)
	at jdk.proxy2/jdk.proxy2.$Proxy14.getText(Unknown Source)
	at com.xyz.qa.pages.WithdrawlPage.withdrawamountNegative(WithdrawlPage.java:99)
	at com.xyz.qa.testcases.WithdrawlInvalidTest.withdrawNegativeTest(WithdrawlInvalidTest.java:37)
... Removed 33 stack frames</div></td></tr></table><p class="totop"><a href="#summary">back to summary</a></p><h3 id="m4">com.xyz.qa.testcases.AddCustomerInvalidTest#addCustDuplicateTest</h3><table class="result"></table><p class="totop"><a href="#summary">back to summary</a></p><h3 id="m5">com.xyz.qa.testcases.AddCustomerValidTest#addCustTest</h3><table class="result"></table><p class="totop"><a href="#summary">back to summary</a></p><h3 id="m6">com.xyz.qa.testcases.AddCustomerValidTest#verifyAddedCustTest</h3><table class="result"></table><p class="totop"><a href="#summary">back to summary</a></p><h3 id="m7">com.xyz.qa.testcases.DeleteCustomersTest#deleteByFnameTest</h3><table class="result"></table><p class="totop"><a href="#summary">back to summary</a></p><h3 id="m8">com.xyz.qa.testcases.DeleteCustomersTest#deleteByLnameTest</h3><table class="result"></table><p class="totop"><a href="#summary">back to summary</a></p><h3 id="m9">com.xyz.qa.testcases.DepositInvalidTest#depositCharTest</h3><table class="result"></table><p class="totop"><a href="#summary">back to summary</a></p><h3 id="m10">com.xyz.qa.testcases.DepositValidTest#depositamountTest</h3><table class="result"></table><p class="totop"><a href="#summary">back to summary</a></p><h3 id="m11">com.xyz.qa.testcases.DepositValidTest#verifydepositamountTest</h3><table class="result"></table><p class="totop"><a href="#summary">back to summary</a></p><h3 id="m12">com.xyz.qa.testcases.LoginCLTest#loginPageTitleTest</h3><table class="result"></table><p class="totop"><a href="#summary">back to summary</a></p><h3 id="m13">com.xyz.qa.testcases.LoginCLTest#verifyAccountNumberTest</h3><table class="result"></table><p class="totop"><a href="#summary">back to summary</a></p><h3 id="m14">com.xyz.qa.testcases.LoginCLTest#verifyCustomerNameTest</h3><table class="result"></table><p class="totop"><a href="#summary">back to summary</a></p><h3 id="m15">com.xyz.qa.testcases.LoginCLTest#verifyHeaderTest</h3><table class="result"></table><p class="totop"><a href="#summary">back to summary</a></p><h3 id="m16">com.xyz.qa.testcases.OpenAccountInvalidTest#openAccountBlankTest</h3><table class="result"></table><p class="totop"><a href="#summary">back to summary</a></p><h3 id="m17">com.xyz.qa.testcases.OpenAccountInvalidTest#openAccountSingleBlankTest1</h3><table class="result"></table><p class="totop"><a href="#summary">back to summary</a></p><h3 id="m18">com.xyz.qa.testcases.OpenAccountInvalidTest#openAccountSingleBlankTest2</h3><table class="result"></table><p class="totop"><a href="#summary">back to summary</a></p><h3 id="m19">com.xyz.qa.testcases.OpenAccountValidTest#openAccountValidTest</h3><table class="result"></table><p class="totop"><a href="#summary">back to summary</a></p><h3 id="m20">com.xyz.qa.testcases.OpenAccountValidTest#openAccountVerifyTest</h3><table class="result"></table><p class="totop"><a href="#summary">back to summary</a></p><h3 id="m21">com.xyz.qa.testcases.SearchCustomersTest#searchByFnameTest</h3><table class="result"></table><p class="totop"><a href="#summary">back to summary</a></p><h3 id="m22">com.xyz.qa.testcases.SearchCustomersTest#searchByLnameTest</h3><table class="result"></table><p class="totop"><a href="#summary">back to summary</a></p><h3 id="m23">com.xyz.qa.testcases.SearchCustomersTest#searchByPostTest</h3><table class="result"></table><p class="totop"><a href="#summary">back to summary</a></p><h3 id="m24">com.xyz.qa.testcases.SearchCustomersTest#searchByaccNumTest</h3><table class="result"></table><p class="totop"><a href="#summary">back to summary</a></p><h3 id="m25">com.xyz.qa.testcases.TransactionsTest#viewTransactionDepositTest</h3><table class="result"></table><p class="totop"><a href="#summary">back to summary</a></p><h3 id="m26">com.xyz.qa.testcases.TransactionsTest#viewTransactionWithdrawlTest</h3><table class="result"></table><p class="totop"><a href="#summary">back to summary</a></p><h3 id="m27">com.xyz.qa.testcases.WithdrawValidTest#verifywithdrawlamountTest</h3><table class="result"></table><p class="totop"><a href="#summary">back to summary</a></p><h3 id="m28">com.xyz.qa.testcases.WithdrawValidTest#withdrawamountTest</h3><table class="result"></table><p class="totop"><a href="#summary">back to summary</a></p><h3 id="m29">com.xyz.qa.testcases.WithdrawlInvalidTest#withdrawCharTest</h3><table class="result"></table><p class="totop"><a href="#summary">back to summary</a></p><h3 id="m30">com.xyz.qa.testcases.WithdrawlInvalidTest#withdrawMorethanBalanceTest</h3><table class="result"></table><p class="totop"><a href="#summary">back to summary</a></p></body></html>